build/app/intermediates/manifest_merge_blame_file/release/manifest-merger-blame-release-report.txt
1<?xml version="1.0" encoding="utf-8"?>
2<manifest xmlns:android="http://schemas.android.com/apk/res/android"
3    package="uz.naqshsoft.naqsh_agent"
4    android:versionCode="1"
5    android:versionName="1.0.0" >
6
7    <uses-sdk
8        android:minSdkVersion="21"
8-->src/main/AndroidManifest.xml
9        android:targetSdkVersion="33" />
9-->src/main/AndroidManifest.xml
10
11    <uses-permission android:name="android.permission.INTERNET" />
11-->src/main/AndroidManifest.xml:2:5-67
11-->src/main/AndroidManifest.xml:2:22-64
12
13    <permission
13-->[androidx.core:core:1.9.0] AndroidManifest.xml:22:5-24:47
14        android:name="uz.naqshsoft.naqsh_agent.DYNAMIC_RECEIVER_NOT_EXPORTED_PERMISSION"
14-->[androidx.core:core:1.9.0] AndroidManifest.xml:23:9-81
15        android:protectionLevel="signature" />
15-->[androidx.core:core:1.9.0] AndroidManifest.xml:24:9-44
16
17    <uses-permission android:name="uz.naqshsoft.naqsh_agent.DYNAMIC_RECEIVER_NOT_EXPORTED_PERMISSION" />
17-->[androidx.core:core:1.9.0] AndroidManifest.xml:26:5-97
17-->[androidx.core:core:1.9.0] AndroidManifest.xml:26:22-94
18
19    <application
20        android:name="android.app.Application"
20-->src/main/AndroidManifest.xml:5:9-42
21        android:appComponentFactory="androidx.core.app.CoreComponentFactory"
21-->[androidx.core:core:1.9.0] AndroidManifest.xml:28:18-86
22        android:icon="@mipmap/ic_launcher"
22-->src/main/AndroidManifest.xml:6:9-43
23        android:label="N Hisob" >
23-->src/main/AndroidManifest.xml:4:9-32
24        <activity
24-->src/main/AndroidManifest.xml:7:9-27:20
25            android:name="uz.naqshsoft.naqsh_agent.MainActivity"
25-->src/main/AndroidManifest.xml:8:13-41
26            android:configChanges="orientation|keyboardHidden|keyboard|screenSize|smallestScreenSize|locale|layoutDirection|fontScale|screenLayout|density|uiMode"
26-->src/main/AndroidManifest.xml:12:13-163
27            android:exported="true"
27-->src/main/AndroidManifest.xml:9:13-36
28            android:hardwareAccelerated="true"
28-->src/main/AndroidManifest.xml:13:13-47
29            android:launchMode="singleTop"
29-->src/main/AndroidManifest.xml:10:13-43
30            android:theme="@style/LaunchTheme"
30-->src/main/AndroidManifest.xml:11:13-47
31            android:windowSoftInputMode="adjustResize" >
31-->src/main/AndroidManifest.xml:14:13-55
32
33            <!--
34                 Specifies an Android theme to apply to this Activity as soon as
35                 the Android process has started. This theme is visible to the user
36                 while the Flutter UI initializes. After that, this theme continues
37                 to determine the Window background behind the Flutter UI.
38            -->
39            <meta-data
39-->src/main/AndroidManifest.xml:19:13-22:17
40                android:name="io.flutter.embedding.android.NormalTheme"
40-->src/main/AndroidManifest.xml:20:15-70
41                android:resource="@style/NormalTheme" />
41-->src/main/AndroidManifest.xml:21:15-52
42
43            <intent-filter>
43-->src/main/AndroidManifest.xml:23:13-26:29
44                <action android:name="android.intent.action.MAIN" />
44-->src/main/AndroidManifest.xml:24:17-68
44-->src/main/AndroidManifest.xml:24:25-66
45
46                <category android:name="android.intent.category.LAUNCHER" />
46-->src/main/AndroidManifest.xml:25:17-76
46-->src/main/AndroidManifest.xml:25:27-74
47            </intent-filter>
48        </activity>
49        <!--
50             Don't delete the meta-data below.
51             This is used by the Flutter tool to generate GeneratedPluginRegistrant.java
52        -->
53        <meta-data
53-->src/main/AndroidManifest.xml:30:9-32:33
54            android:name="flutterEmbedding"
54-->src/main/AndroidManifest.xml:31:13-44
55            android:value="2" />
55-->src/main/AndroidManifest.xml:32:13-30
56
57        <provider
57-->[:image_picker_android] AndroidManifest.xml:10:9-18:20
58            android:name="io.flutter.plugins.imagepicker.ImagePickerFileProvider"
58-->[:image_picker_android] AndroidManifest.xml:11:13-82
59            android:authorities="uz.naqshsoft.naqsh_agent.flutter.image_provider"
59-->[:image_picker_android] AndroidManifest.xml:12:13-74
60            android:exported="false"
60-->[:image_picker_android] AndroidManifest.xml:13:13-37
61            android:grantUriPermissions="true" >
61-->[:image_picker_android] AndroidManifest.xml:14:13-47
62            <meta-data
62-->[:image_picker_android] AndroidManifest.xml:15:13-17:75
63                android:name="android.support.FILE_PROVIDER_PATHS"
63-->[:image_picker_android] AndroidManifest.xml:16:17-67
64                android:resource="@xml/flutter_image_picker_file_paths" />
64-->[:image_picker_android] AndroidManifest.xml:17:17-72
65        </provider>
66        <!--
67           Declares a provider which allows us to store files to share in
68           '.../caches/share_plus' and grant the receiving action access
69        -->
70        <provider
70-->[:share_plus] AndroidManifest.xml:15:9-23:20
71            android:name="dev.fluttercommunity.plus.share.ShareFileProvider"
71-->[:share_plus] AndroidManifest.xml:16:13-77
72            android:authorities="uz.naqshsoft.naqsh_agent.flutter.share_provider"
72-->[:share_plus] AndroidManifest.xml:17:13-74
73            android:exported="false"
73-->[:share_plus] AndroidManifest.xml:18:13-37
74            android:grantUriPermissions="true" >
74-->[:share_plus] AndroidManifest.xml:19:13-47
75            <meta-data
75-->[:image_picker_android] AndroidManifest.xml:15:13-17:75
76                android:name="android.support.FILE_PROVIDER_PATHS"
76-->[:image_picker_android] AndroidManifest.xml:16:17-67
77                android:resource="@xml/flutter_share_file_paths" />
77-->[:image_picker_android] AndroidManifest.xml:17:17-72
78        </provider>
79        <!--
80           This manifest declared broadcast receiver allows us to use an explicit
81           Intent when creating a PendingItent to be informed of the user's choice
82        -->
83        <receiver
83-->[:share_plus] AndroidManifest.xml:28:9-34:20
84            android:name="dev.fluttercommunity.plus.share.SharePlusPendingIntent"
84-->[:share_plus] AndroidManifest.xml:29:13-82
85            android:exported="true" >
85-->[:share_plus] AndroidManifest.xml:30:13-36
86            <intent-filter>
86-->[:share_plus] AndroidManifest.xml:31:13-33:29
87                <action android:name="EXTRA_CHOSEN_COMPONENT" />
87-->[:share_plus] AndroidManifest.xml:32:17-65
87-->[:share_plus] AndroidManifest.xml:32:25-62
88            </intent-filter>
89        </receiver>
90
91        <activity
91-->[:url_launcher_android] AndroidManifest.xml:10:9-13:74
92            android:name="io.flutter.plugins.urllauncher.WebViewActivity"
92-->[:url_launcher_android] AndroidManifest.xml:11:13-74
93            android:exported="false"
93-->[:url_launcher_android] AndroidManifest.xml:12:13-37
94            android:theme="@android:style/Theme.NoTitleBar.Fullscreen" />
94-->[:url_launcher_android] AndroidManifest.xml:13:13-71
95
96        <uses-library
96-->[androidx.window:window:1.0.0-beta04] AndroidManifest.xml:25:9-27:40
97            android:name="androidx.window.extensions"
97-->[androidx.window:window:1.0.0-beta04] AndroidManifest.xml:26:13-54
98            android:required="false" />
98-->[androidx.window:window:1.0.0-beta04] AndroidManifest.xml:27:13-37
99        <uses-library
99-->[androidx.window:window:1.0.0-beta04] AndroidManifest.xml:28:9-30:40
100            android:name="androidx.window.sidecar"
100-->[androidx.window:window:1.0.0-beta04] AndroidManifest.xml:29:13-51
101            android:required="false" />
101-->[androidx.window:window:1.0.0-beta04] AndroidManifest.xml:30:13-37
102
103        <activity
103-->[com.google.android.gms:play-services-auth:20.4.0] AndroidManifest.xml:23:9-27:75
104            android:name="com.google.android.gms.auth.api.signin.internal.SignInHubActivity"
104-->[com.google.android.gms:play-services-auth:20.4.0] AndroidManifest.xml:24:13-93
105            android:excludeFromRecents="true"
105-->[com.google.android.gms:play-services-auth:20.4.0] AndroidManifest.xml:25:13-46
106            android:exported="false"
106-->[com.google.android.gms:play-services-auth:20.4.0] AndroidManifest.xml:26:13-37
107            android:theme="@android:style/Theme.Translucent.NoTitleBar" />
107-->[com.google.android.gms:play-services-auth:20.4.0] AndroidManifest.xml:27:13-72
108        <!--
109            Service handling Google Sign-In user revocation. For apps that do not integrate with
110            Google Sign-In, this service will never be started.
111        -->
112        <service
112-->[com.google.android.gms:play-services-auth:20.4.0] AndroidManifest.xml:33:9-37:51
113            android:name="com.google.android.gms.auth.api.signin.RevocationBoundService"
113-->[com.google.android.gms:play-services-auth:20.4.0] AndroidManifest.xml:34:13-89
114            android:exported="true"
114-->[com.google.android.gms:play-services-auth:20.4.0] AndroidManifest.xml:35:13-36
115            android:permission="com.google.android.gms.auth.api.signin.permission.REVOCATION_NOTIFICATION"
115-->[com.google.android.gms:play-services-auth:20.4.0] AndroidManifest.xml:36:13-107
116            android:visibleToInstantApps="true" />
116-->[com.google.android.gms:play-services-auth:20.4.0] AndroidManifest.xml:37:13-48
117
118        <activity
118-->[com.google.android.gms:play-services-base:18.0.1] AndroidManifest.xml:20:9-22:45
119            android:name="com.google.android.gms.common.api.GoogleApiActivity"
119-->[com.google.android.gms:play-services-base:18.0.1] AndroidManifest.xml:20:19-85
120            android:exported="false"
120-->[com.google.android.gms:play-services-base:18.0.1] AndroidManifest.xml:22:19-43
121            android:theme="@android:style/Theme.Translucent.NoTitleBar" />
121-->[com.google.android.gms:play-services-base:18.0.1] AndroidManifest.xml:21:19-78
122
123        <meta-data
123-->[com.google.android.gms:play-services-basement:18.1.0] AndroidManifest.xml:21:9-23:69
124            android:name="com.google.android.gms.version"
124-->[com.google.android.gms:play-services-basement:18.1.0] AndroidManifest.xml:22:13-58
125            android:value="@integer/google_play_services_version" />
125-->[com.google.android.gms:play-services-basement:18.1.0] AndroidManifest.xml:23:13-66
126    </application>
127
128</manifest>